This file contains any messages produced by compilers while
running configure, to aid debugging if configure makes a mistake.

It was created by configure, which was
generated by GNU Autoconf 2.69.  Invocation command line was

  $ ./configure 

## --------- ##
## Platform. ##
## --------- ##

hostname = ip-172-31-8-24.ec2.internal
uname -m = x86_64
uname -r = 6.1.29-50.88.amzn2023.x86_64
uname -s = Linux
uname -v = #1 SMP PREEMPT_DYNAMIC Tue Jun  6 00:47:06 UTC 2023

/usr/bin/uname -p = x86_64
/bin/uname -X     = unknown

/bin/arch              = x86_64
/usr/bin/arch -k       = unknown
/usr/convex/getsysinfo = unknown
/usr/bin/hostinfo      = unknown
/bin/machine           = unknown
/usr/bin/oslevel       = unknown
/bin/universe          = unknown

PATH: /root/.local/bin
PATH: /root/bin
PATH: /usr/local/sbin
PATH: /usr/local/bin
PATH: /usr/sbin
PATH: /usr/bin
PATH: /sbin
PATH: /bin
PATH: /var/lib/snapd/snap/bin


## ----------- ##
## Core tests. ##
## ----------- ##

configure:2563: checking build system type
configure:2577: result: x86_64-unknown-linux-gnu
configure:2597: checking host system type
configure:2610: result: x86_64-unknown-linux-gnu
configure:2630: checking target system type
configure:2643: result: x86_64-unknown-linux-gnu
configure:2837: checking for gcc
configure:2853: found /usr/bin/gcc
configure:2864: result: gcc
configure:3093: checking for C compiler version
configure:3102: gcc --version >&5
gcc (GCC) 11.3.1 20221121 (Red Hat 11.3.1-4)
Copyright (C) 2021 Free Software Foundation, Inc.
This is free software; see the source for copying conditions.  There is NO
warranty; not even for MERCHANTABILITY or FITNESS FOR A PARTICULAR PURPOSE.

configure:3113: $? = 0
configure:3102: gcc -v >&5
Using built-in specs.
COLLECT_GCC=gcc
COLLECT_LTO_WRAPPER=/usr/libexec/gcc/x86_64-amazon-linux/11/lto-wrapper
OFFLOAD_TARGET_NAMES=nvptx-none
OFFLOAD_TARGET_DEFAULT=1
Target: x86_64-amazon-linux
Configured with: ../configure --enable-bootstrap --enable-languages=c,c++,fortran,lto --prefix=/usr --mandir=/usr/share/man --infodir=/usr/share/info --with-bugurl=https://github.com/amazonlinux/amazon-linux-2022 --enable-shared --enable-threads=posix --enable-checking=release --enable-multilib --with-system-zlib --enable-__cxa_atexit --disable-libunwind-exceptions --enable-gnu-unique-object --enable-linker-build-id --with-gcc-major-version-only --with-linker-hash-style=gnu --enable-plugin --enable-initfini-array --with-isl=/builddir/build/BUILD/gcc-11.3.1-20221121/obj-x86_64-amazon-linux/isl-install --enable-offload-targets=nvptx-none --without-cuda-driver --enable-gnu-indirect-function --enable-cet --with-tune=generic --with-arch_64=x86-64-v2 --with-arch_32=x86-64 --build=x86_64-amazon-linux
Thread model: posix
Supported LTO compression algorithms: zlib zstd
gcc version 11.3.1 20221121 (Red Hat 11.3.1-4) (GCC) 
... rest of stderr output deleted ...
configure:3113: $? = 0
configure:3102: gcc -V >&5
gcc: error: unrecognized command-line option '-V'
gcc: fatal error: no input files
compilation terminated.
configure:3113: $? = 1
configure:3102: gcc -qversion >&5
gcc: error: unrecognized command-line option '-qversion'; did you mean '--version'?
gcc: fatal error: no input files
compilation terminated.
configure:3113: $? = 1
configure:3133: checking whether the C compiler works
configure:3155: gcc    conftest.c  >&5
configure:3159: $? = 0
configure:3207: result: yes
configure:3210: checking for C compiler default output file name
configure:3212: result: a.out
configure:3218: checking for suffix of executables
configure:3225: gcc -o conftest    conftest.c  >&5
configure:3229: $? = 0
configure:3251: result: 
configure:3273: checking whether we are cross compiling
configure:3281: gcc -o conftest    conftest.c  >&5
configure:3285: $? = 0
configure:3292: ./conftest
configure:3296: $? = 0
configure:3311: result: no
configure:3316: checking for suffix of object files
configure:3338: gcc -c   conftest.c >&5
configure:3342: $? = 0
configure:3363: result: o
configure:3367: checking whether we are using the GNU C compiler
configure:3386: gcc -c   conftest.c >&5
configure:3386: $? = 0
configure:3395: result: yes
configure:3404: checking whether gcc accepts -g
configure:3424: gcc -c -g  conftest.c >&5
configure:3424: $? = 0
configure:3465: result: yes
configure:3482: checking for gcc option to accept ISO C89
configure:3545: gcc  -c -g -O2  conftest.c >&5
configure:3545: $? = 0
configure:3558: result: none needed
configure:4186: checking how to print strings
configure:4213: result: printf
configure:4234: checking for a sed that does not truncate output
configure:4298: result: /usr/bin/sed
configure:4316: checking for grep that handles long lines and -e
configure:4374: result: /usr/bin/grep
configure:4379: checking for egrep
configure:4441: result: /usr/bin/grep -E
configure:4446: checking for fgrep
configure:4508: result: /usr/bin/grep -F
configure:4543: checking for ld used by gcc
configure:4610: result: /usr/bin/ld
configure:4617: checking if the linker (/usr/bin/ld) is GNU ld
configure:4632: result: yes
configure:4644: checking for BSD- or MS-compatible name lister (nm)
configure:4693: result: /usr/bin/nm -B
configure:4823: checking the name lister (/usr/bin/nm -B) interface
configure:4830: gcc -c -g -O2  conftest.c >&5
configure:4833: /usr/bin/nm -B "conftest.o"
configure:4836: output
0000000000000000 B some_variable
configure:4843: result: BSD nm
configure:4846: checking whether ln -s works
configure:4850: result: yes
configure:4858: checking the maximum length of command line arguments
configure:4989: result: 1572864
configure:5006: checking whether the shell understands some XSI constructs
configure:5016: result: yes
configure:5020: checking whether the shell understands "+="
configure:5026: result: yes
configure:5061: checking how to convert x86_64-unknown-linux-gnu file names to x86_64-unknown-linux-gnu format
configure:5101: result: func_convert_file_noop
configure:5108: checking how to convert x86_64-unknown-linux-gnu file names to toolchain format
configure:5128: result: func_convert_file_noop
configure:5135: checking for /usr/bin/ld option to reload object files
configure:5142: result: -r
configure:5216: checking for objdump
configure:5243: result: objdump
configure:5272: checking how to recognize dependent libraries
configure:5470: result: pass_all
configure:5555: checking for dlltool
configure:5582: result: dlltool
configure:5612: checking how to associate runtime and link libraries
configure:5639: result: printf %s\n
configure:5700: checking for ar
configure:5716: found /usr/bin/ar
configure:5727: result: ar
configure:5764: checking for archiver @FILE support
configure:5781: gcc -c -g -O2  conftest.c >&5
configure:5781: $? = 0
configure:5784: ar cru libconftest.a @conftest.lst >&5
configure:5787: $? = 0
configure:5792: ar cru libconftest.a @conftest.lst >&5
ar: conftest.o: No such file or directory
configure:5795: $? = 1
configure:5807: result: @
configure:5865: checking for strip
configure:5881: found /usr/bin/strip
configure:5892: result: strip
configure:5964: checking for ranlib
configure:5980: found /usr/bin/ranlib
configure:5991: result: ranlib
configure:6068: checking for gawk
configure:6084: found /usr/bin/gawk
configure:6095: result: gawk
configure:6135: checking command to parse /usr/bin/nm -B output from gcc object
configure:6255: gcc -c -g -O2  conftest.c >&5
configure:6258: $? = 0
configure:6262: /usr/bin/nm -B conftest.o \| sed -n -e 's/^.*[ ]\([ABCDGIRSTW][ABCDGIRSTW]*\)[ ][ ]*\([_A-Za-z][_A-Za-z0-9]*\)$/\1 \2 \2/p' | sed '/ __gnu_lto/d' \> conftest.nm
configure:6265: $? = 0
configure:6331: gcc -o conftest -g -O2   conftest.c conftstm.o >&5
configure:6334: $? = 0
configure:6372: result: ok
configure:6409: checking for sysroot
configure:6439: result: no
configure:6516: gcc -c -g -O2  conftest.c >&5
configure:6519: $? = 0
configure:6708: checking for mt
configure:6738: result: no
configure:6758: checking if : is a manifest tool
configure:6764: : '-?'
configure:6772: result: no
configure:7414: checking how to run the C preprocessor
configure:7445: gcc -E  conftest.c
configure:7445: $? = 0
configure:7459: gcc -E  conftest.c
conftest.c:9:10: fatal error: ac_nonexistent.h: No such file or directory
    9 | #include <ac_nonexistent.h>
      |          ^~~~~~~~~~~~~~~~~~
compilation terminated.
configure:7459: $? = 1
configure: failed program was:
| /* confdefs.h */
| #define PACKAGE_NAME ""
| #define PACKAGE_TARNAME ""
| #define PACKAGE_VERSION ""
| #define PACKAGE_STRING ""
| #define PACKAGE_BUGREPORT ""
| #define PACKAGE_URL ""
| /* end confdefs.h.  */
| #include <ac_nonexistent.h>
configure:7484: result: gcc -E
configure:7504: gcc -E  conftest.c
configure:7504: $? = 0
configure:7518: gcc -E  conftest.c
conftest.c:9:10: fatal error: ac_nonexistent.h: No such file or directory
    9 | #include <ac_nonexistent.h>
      |          ^~~~~~~~~~~~~~~~~~
compilation terminated.
configure:7518: $? = 1
configure: failed program was:
| /* confdefs.h */
| #define PACKAGE_NAME ""
| #define PACKAGE_TARNAME ""
| #define PACKAGE_VERSION ""
| #define PACKAGE_STRING ""
| #define PACKAGE_BUGREPORT ""
| #define PACKAGE_URL ""
| /* end confdefs.h.  */
| #include <ac_nonexistent.h>
configure:7547: checking for ANSI C header files
configure:7567: gcc -c -g -O2  conftest.c >&5
configure:7567: $? = 0
configure:7640: gcc -o conftest -g -O2   conftest.c  >&5
configure:7640: $? = 0
configure:7640: ./conftest
configure:7640: $? = 0
configure:7651: result: yes
configure:7664: checking for sys/types.h
configure:7664: gcc -c -g -O2  conftest.c >&5
configure:7664: $? = 0
configure:7664: result: yes
configure:7664: checking for sys/stat.h
configure:7664: gcc -c -g -O2  conftest.c >&5
configure:7664: $? = 0
configure:7664: result: yes
configure:7664: checking for stdlib.h
configure:7664: gcc -c -g -O2  conftest.c >&5
configure:7664: $? = 0
configure:7664: result: yes
configure:7664: checking for string.h
configure:7664: gcc -c -g -O2  conftest.c >&5
configure:7664: $? = 0
configure:7664: result: yes
configure:7664: checking for memory.h
configure:7664: gcc -c -g -O2  conftest.c >&5
configure:7664: $? = 0
configure:7664: result: yes
configure:7664: checking for strings.h
configure:7664: gcc -c -g -O2  conftest.c >&5
configure:7664: $? = 0
configure:7664: result: yes
configure:7664: checking for inttypes.h
configure:7664: gcc -c -g -O2  conftest.c >&5
configure:7664: $? = 0
configure:7664: result: yes
configure:7664: checking for stdint.h
configure:7664: gcc -c -g -O2  conftest.c >&5
configure:7664: $? = 0
configure:7664: result: yes
configure:7664: checking for unistd.h
configure:7664: gcc -c -g -O2  conftest.c >&5
configure:7664: $? = 0
configure:7664: result: yes
configure:7678: checking for dlfcn.h
configure:7678: gcc -c -g -O2  conftest.c >&5
configure:7678: $? = 0
configure:7678: result: yes
configure:7893: checking for objdir
configure:7908: result: .libs
configure:8175: checking if gcc supports -fno-rtti -fno-exceptions
configure:8193: gcc -c -g -O2  -fno-rtti -fno-exceptions conftest.c >&5
cc1: warning: command-line option '-fno-rtti' is valid for C++/D/ObjC++ but not for C
configure:8197: $? = 0
configure:8210: result: no
configure:8537: checking for gcc option to produce PIC
configure:8544: result: -fPIC -DPIC
configure:8552: checking if gcc PIC flag -fPIC -DPIC works
configure:8570: gcc -c -g -O2  -fPIC -DPIC -DPIC conftest.c >&5
configure:8574: $? = 0
configure:8587: result: yes
configure:8616: checking if gcc static flag -static works
configure:8644: result: no
configure:8659: checking if gcc supports -c -o file.o
configure:8680: gcc -c -g -O2  -o out/conftest2.o conftest.c >&5
configure:8684: $? = 0
configure:8706: result: yes
configure:8714: checking if gcc supports -c -o file.o
configure:8761: result: yes
configure:8794: checking whether the gcc linker (/usr/bin/ld -m elf_x86_64) supports shared libraries
configure:9951: result: yes
configure:9988: checking whether -lc should be explicitly linked in
configure:9996: gcc -c -g -O2  conftest.c >&5
configure:9999: $? = 0
configure:10014: gcc -shared  -fPIC -DPIC conftest.o  -v -Wl,-soname -Wl,conftest -o conftest 2\>\&1 \| /usr/bin/grep  -lc  \>/dev/null 2\>\&1
configure:10017: $? = 0
configure:10031: result: no
configure:10191: checking dynamic linker characteristics
configure:10691: gcc -o conftest -g -O2   -Wl,-rpath -Wl,/foo conftest.c  >&5
configure:10691: $? = 0
configure:10925: result: GNU/Linux ld.so
configure:11032: checking how to hardcode library paths into programs
configure:11057: result: immediate
configure:11597: checking whether stripping libraries is possible
configure:11602: result: yes
configure:11637: checking if libtool supports shared libraries
configure:11639: result: yes
configure:11642: checking whether to build shared libraries
configure:11663: result: yes
configure:11666: checking whether to build static libraries
configure:11670: result: yes
configure:14910: checking for a BSD-compatible install
configure:14978: result: /usr/bin/install -c
configure:14989: checking whether ln -s works
configure:14993: result: yes
configure:15002: checking for ar
configure:15020: found /usr/bin/ar
configure:15033: result: /usr/bin/ar
configure:15045: checking whether byte ordering is bigendian
configure:15060: gcc -c -g -O2  conftest.c >&5
conftest.c:22:16: error: unknown type name 'not'
   22 |                not a universal capable compiler
      |                ^~~
conftest.c:22:22: error: expected '=', ',', ';', 'asm' or '__attribute__' before 'universal'
   22 |                not a universal capable compiler
      |                      ^~~~~~~~~
conftest.c:22:22: error: unknown type name 'universal'
configure:15060: $? = 1
configure: failed program was:
| /* confdefs.h */
| #define PACKAGE_NAME ""
| #define PACKAGE_TARNAME ""
| #define PACKAGE_VERSION ""
| #define PACKAGE_STRING ""
| #define PACKAGE_BUGREPORT ""
| #define PACKAGE_URL ""
| #define STDC_HEADERS 1
| #define HAVE_SYS_TYPES_H 1
| #define HAVE_SYS_STAT_H 1
| #define HAVE_STDLIB_H 1
| #define HAVE_STRING_H 1
| #define HAVE_MEMORY_H 1
| #define HAVE_STRINGS_H 1
| #define HAVE_INTTYPES_H 1
| #define HAVE_STDINT_H 1
| #define HAVE_UNISTD_H 1
| #define HAVE_DLFCN_H 1
| #define LT_OBJDIR ".libs/"
| /* end confdefs.h.  */
| #ifndef __APPLE_CC__
| 	       not a universal capable compiler
| 	     #endif
| 	     typedef int dummy;
| 
configure:15105: gcc -c -g -O2  conftest.c >&5
configure:15105: $? = 0
configure:15123: gcc -c -g -O2  conftest.c >&5
conftest.c: In function 'main':
conftest.c:28:18: error: unknown type name 'not'; did you mean 'ino_t'?
   28 |                  not big endian
      |                  ^~~
      |                  ino_t
conftest.c:28:26: error: expected '=', ',', ';', 'asm' or '__attribute__' before 'endian'
   28 |                  not big endian
      |                          ^~~~~~
configure:15123: $? = 1
configure: failed program was:
| /* confdefs.h */
| #define PACKAGE_NAME ""
| #define PACKAGE_TARNAME ""
| #define PACKAGE_VERSION ""
| #define PACKAGE_STRING ""
| #define PACKAGE_BUGREPORT ""
| #define PACKAGE_URL ""
| #define STDC_HEADERS 1
| #define HAVE_SYS_TYPES_H 1
| #define HAVE_SYS_STAT_H 1
| #define HAVE_STDLIB_H 1
| #define HAVE_STRING_H 1
| #define HAVE_MEMORY_H 1
| #define HAVE_STRINGS_H 1
| #define HAVE_INTTYPES_H 1
| #define HAVE_STDINT_H 1
| #define HAVE_UNISTD_H 1
| #define HAVE_DLFCN_H 1
| #define LT_OBJDIR ".libs/"
| /* end confdefs.h.  */
| #include <sys/types.h>
| 		#include <sys/param.h>
| 
| int
| main ()
| {
| #if BYTE_ORDER != BIG_ENDIAN
| 		 not big endian
| 		#endif
| 
|   ;
|   return 0;
| }
configure:15251: result: no
configure:15273: checking for snd_pcm_open in -lasound
configure:15298: gcc -o conftest -g -O2   conftest.c -lasound   >&5
/usr/bin/ld: cannot find -lasound: No such file or directory
collect2: error: ld returned 1 exit status
configure:15298: $? = 1
configure: failed program was:
| /* confdefs.h */
| #define PACKAGE_NAME ""
| #define PACKAGE_TARNAME ""
| #define PACKAGE_VERSION ""
| #define PACKAGE_STRING ""
| #define PACKAGE_BUGREPORT ""
| #define PACKAGE_URL ""
| #define STDC_HEADERS 1
| #define HAVE_SYS_TYPES_H 1
| #define HAVE_SYS_STAT_H 1
| #define HAVE_STDLIB_H 1
| #define HAVE_STRING_H 1
| #define HAVE_MEMORY_H 1
| #define HAVE_STRINGS_H 1
| #define HAVE_INTTYPES_H 1
| #define HAVE_STDINT_H 1
| #define HAVE_UNISTD_H 1
| #define HAVE_DLFCN_H 1
| #define LT_OBJDIR ".libs/"
| /* end confdefs.h.  */
| 
| /* Override any GCC internal prototype to avoid an error.
|    Use char because int might match the return type of a GCC
|    builtin and then its argument prototype would still apply.  */
| #ifdef __cplusplus
| extern "C"
| #endif
| char snd_pcm_open ();
| int
| main ()
| {
| return snd_pcm_open ();
|   ;
|   return 0;
| }
configure:15307: result: no
configure:15318: checking for HPI_SubSysCreate in -lhpi
configure:15343: gcc -o conftest -g -O2   conftest.c -lhpi -lm  >&5
/usr/bin/ld: cannot find -lhpi: No such file or directory
collect2: error: ld returned 1 exit status
configure:15343: $? = 1
configure: failed program was:
| /* confdefs.h */
| #define PACKAGE_NAME ""
| #define PACKAGE_TARNAME ""
| #define PACKAGE_VERSION ""
| #define PACKAGE_STRING ""
| #define PACKAGE_BUGREPORT ""
| #define PACKAGE_URL ""
| #define STDC_HEADERS 1
| #define HAVE_SYS_TYPES_H 1
| #define HAVE_SYS_STAT_H 1
| #define HAVE_STDLIB_H 1
| #define HAVE_STRING_H 1
| #define HAVE_MEMORY_H 1
| #define HAVE_STRINGS_H 1
| #define HAVE_INTTYPES_H 1
| #define HAVE_STDINT_H 1
| #define HAVE_UNISTD_H 1
| #define HAVE_DLFCN_H 1
| #define LT_OBJDIR ".libs/"
| /* end confdefs.h.  */
| 
| /* Override any GCC internal prototype to avoid an error.
|    Use char because int might match the return type of a GCC
|    builtin and then its argument prototype would still apply.  */
| #ifdef __cplusplus
| extern "C"
| #endif
| char HPI_SubSysCreate ();
| int
| main ()
| {
| return HPI_SubSysCreate ();
|   ;
|   return 0;
| }
configure:15352: result: no
configure:15367: checking sys/soundcard.h usability
configure:15367: gcc -c -g -O2  conftest.c >&5
configure:15367: $? = 0
configure:15367: result: yes
configure:15367: checking sys/soundcard.h presence
configure:15367: gcc -E  conftest.c
configure:15367: $? = 0
configure:15367: result: yes
configure:15367: checking for sys/soundcard.h
configure:15367: result: yes
configure:15367: checking linux/soundcard.h usability
configure:15367: gcc -c -g -O2  conftest.c >&5
configure:15367: $? = 0
configure:15367: result: yes
configure:15367: checking linux/soundcard.h presence
configure:15367: gcc -E  conftest.c
configure:15367: $? = 0
configure:15367: result: yes
configure:15367: checking for linux/soundcard.h
configure:15367: result: yes
configure:15367: checking machine/soundcard.h usability
configure:15367: gcc -c -g -O2  conftest.c >&5
conftest.c:56:10: fatal error: machine/soundcard.h: No such file or directory
   56 | #include <machine/soundcard.h>
      |          ^~~~~~~~~~~~~~~~~~~~~
compilation terminated.
configure:15367: $? = 1
configure: failed program was:
| /* confdefs.h */
| #define PACKAGE_NAME ""
| #define PACKAGE_TARNAME ""
| #define PACKAGE_VERSION ""
| #define PACKAGE_STRING ""
| #define PACKAGE_BUGREPORT ""
| #define PACKAGE_URL ""
| #define STDC_HEADERS 1
| #define HAVE_SYS_TYPES_H 1
| #define HAVE_SYS_STAT_H 1
| #define HAVE_STDLIB_H 1
| #define HAVE_STRING_H 1
| #define HAVE_MEMORY_H 1
| #define HAVE_STRINGS_H 1
| #define HAVE_INTTYPES_H 1
| #define HAVE_STDINT_H 1
| #define HAVE_UNISTD_H 1
| #define HAVE_DLFCN_H 1
| #define LT_OBJDIR ".libs/"
| #define HAVE_SYS_SOUNDCARD_H 1
| #define HAVE_LINUX_SOUNDCARD_H 1
| /* end confdefs.h.  */
| #include <stdio.h>
| #ifdef HAVE_SYS_TYPES_H
| # include <sys/types.h>
| #endif
| #ifdef HAVE_SYS_STAT_H
| # include <sys/stat.h>
| #endif
| #ifdef STDC_HEADERS
| # include <stdlib.h>
| # include <stddef.h>
| #else
| # ifdef HAVE_STDLIB_H
| #  include <stdlib.h>
| # endif
| #endif
| #ifdef HAVE_STRING_H
| # if !defined STDC_HEADERS && defined HAVE_MEMORY_H
| #  include <memory.h>
| # endif
| # include <string.h>
| #endif
| #ifdef HAVE_STRINGS_H
| # include <strings.h>
| #endif
| #ifdef HAVE_INTTYPES_H
| # include <inttypes.h>
| #endif
| #ifdef HAVE_STDINT_H
| # include <stdint.h>
| #endif
| #ifdef HAVE_UNISTD_H
| # include <unistd.h>
| #endif
| #include <machine/soundcard.h>
configure:15367: result: no
configure:15367: checking machine/soundcard.h presence
configure:15367: gcc -E  conftest.c
conftest.c:23:10: fatal error: machine/soundcard.h: No such file or directory
   23 | #include <machine/soundcard.h>
      |          ^~~~~~~~~~~~~~~~~~~~~
compilation terminated.
configure:15367: $? = 1
configure: failed program was:
| /* confdefs.h */
| #define PACKAGE_NAME ""
| #define PACKAGE_TARNAME ""
| #define PACKAGE_VERSION ""
| #define PACKAGE_STRING ""
| #define PACKAGE_BUGREPORT ""
| #define PACKAGE_URL ""
| #define STDC_HEADERS 1
| #define HAVE_SYS_TYPES_H 1
| #define HAVE_SYS_STAT_H 1
| #define HAVE_STDLIB_H 1
| #define HAVE_STRING_H 1
| #define HAVE_MEMORY_H 1
| #define HAVE_STRINGS_H 1
| #define HAVE_INTTYPES_H 1
| #define HAVE_STDINT_H 1
| #define HAVE_UNISTD_H 1
| #define HAVE_DLFCN_H 1
| #define LT_OBJDIR ".libs/"
| #define HAVE_SYS_SOUNDCARD_H 1
| #define HAVE_LINUX_SOUNDCARD_H 1
| /* end confdefs.h.  */
| #include <machine/soundcard.h>
configure:15367: result: no
configure:15367: checking for machine/soundcard.h
configure:15367: result: no
configure:15378: checking for _oss_ioctl in -lossaudio
configure:15403: gcc -o conftest -g -O2   conftest.c -lossaudio   >&5
/usr/bin/ld: cannot find -lossaudio: No such file or directory
collect2: error: ld returned 1 exit status
configure:15403: $? = 1
configure: failed program was:
| /* confdefs.h */
| #define PACKAGE_NAME ""
| #define PACKAGE_TARNAME ""
| #define PACKAGE_VERSION ""
| #define PACKAGE_STRING ""
| #define PACKAGE_BUGREPORT ""
| #define PACKAGE_URL ""
| #define STDC_HEADERS 1
| #define HAVE_SYS_TYPES_H 1
| #define HAVE_SYS_STAT_H 1
| #define HAVE_STDLIB_H 1
| #define HAVE_STRING_H 1
| #define HAVE_MEMORY_H 1
| #define HAVE_STRINGS_H 1
| #define HAVE_INTTYPES_H 1
| #define HAVE_STDINT_H 1
| #define HAVE_UNISTD_H 1
| #define HAVE_DLFCN_H 1
| #define LT_OBJDIR ".libs/"
| #define HAVE_SYS_SOUNDCARD_H 1
| #define HAVE_LINUX_SOUNDCARD_H 1
| /* end confdefs.h.  */
| 
| /* Override any GCC internal prototype to avoid an error.
|    Use char because int might match the return type of a GCC
|    builtin and then its argument prototype would still apply.  */
| #ifdef __cplusplus
| extern "C"
| #endif
| char _oss_ioctl ();
| int
| main ()
| {
| return _oss_ioctl ();
|   ;
|   return 0;
| }
configure:15412: result: no
configure:15478: checking for pkg-config
configure:15496: found /usr/bin/pkg-config
configure:15508: result: /usr/bin/pkg-config
configure:15533: checking pkg-config is at least version 0.9.0
configure:15536: result: yes
configure:15546: checking for JACK
configure:15553: $PKG_CONFIG --exists --print-errors "jack"
Package jack was not found in the pkg-config search path.
Perhaps you should add the directory containing `jack.pc'
to the PKG_CONFIG_PATH environment variable
Package 'jack', required by 'virtual:world', not found
configure:15556: $? = 1
configure:15570: $PKG_CONFIG --exists --print-errors "jack"
Package jack was not found in the pkg-config search path.
Perhaps you should add the directory containing `jack.pc'
to the PKG_CONFIG_PATH environment variable
Package 'jack', required by 'virtual:world', not found
configure:15573: $? = 1
configure:15587: result: no
Package 'jack', required by 'virtual:world', not found
configure:15623: checking size of short
configure:15628: gcc -o conftest -g -O2   conftest.c  >&5
configure:15628: $? = 0
configure:15628: ./conftest
configure:15628: $? = 0
configure:15642: result: 2
configure:15656: checking size of int
configure:15661: gcc -o conftest -g -O2   conftest.c  >&5
configure:15661: $? = 0
configure:15661: ./conftest
configure:15661: $? = 0
configure:15675: result: 4
configure:15689: checking size of long
configure:15694: gcc -o conftest -g -O2   conftest.c  >&5
configure:15694: $? = 0
configure:15694: ./conftest
configure:15694: $? = 0
configure:15708: result: 8
configure:15720: checking for clock_gettime in -lrt
configure:15745: gcc -o conftest -g -O2   conftest.c -lrt   >&5
configure:15745: $? = 0
configure:15754: result: yes
configure:15765: checking for clock_gettime
configure:15765: gcc -o conftest -g -O2   conftest.c  -lrt >&5
configure:15765: $? = 0
configure:15765: result: yes
configure:15765: checking for nanosleep
configure:15765: gcc -o conftest -g -O2   conftest.c  -lrt >&5
configure:15765: $? = 0
configure:15765: result: yes
configure:16136: checking for pthread_create in -lpthread
configure:16161: gcc -o conftest -g -O2 -DPA_LITTLE_ENDIAN -I$(top_srcdir)/include -I$(top_srcdir)/src/common -I$(top_srcdir)/src/os/unix   conftest.c -lpthread   >&5
configure:16161: $? = 0
configure:16170: result: yes
configure:16406: creating ./config.status

## ---------------------- ##
## Running config.status. ##
## ---------------------- ##

This file was extended by config.status, which was
generated by GNU Autoconf 2.69.  Invocation command line was

  CONFIG_FILES    = 
  CONFIG_HEADERS  = 
  CONFIG_LINKS    = 
  CONFIG_COMMANDS = 
  $ ./config.status 

on ip-172-31-8-24.ec2.internal

config.status:1054: creating Makefile
config.status:1054: creating portaudio-2.0.pc
config.status:1220: executing libtool commands
configure:18763: result:
Configuration summary:

  Target ...................... x86_64-unknown-linux-gnu
  C++ bindings ................ no
  Debug output ................ no
configure:18774: result:
  ALSA ........................ no
  ASIHPI ...................... no
configure:18813: result:
  OSS ......................... yes
  JACK ........................ no


## ---------------- ##
## Cache variables. ##
## ---------------- ##

ac_cv_build=x86_64-unknown-linux-gnu
ac_cv_c_bigendian=no
ac_cv_c_compiler_gnu=yes
ac_cv_env_CCC_set=
ac_cv_env_CCC_value=
ac_cv_env_CC_set=
ac_cv_env_CC_value=
ac_cv_env_CFLAGS_set=
ac_cv_env_CFLAGS_value=
ac_cv_env_CPPFLAGS_set=
ac_cv_env_CPPFLAGS_value=
ac_cv_env_CPP_set=
ac_cv_env_CPP_value=
ac_cv_env_CXXCPP_set=
ac_cv_env_CXXCPP_value=
ac_cv_env_CXXFLAGS_set=
ac_cv_env_CXXFLAGS_value=
ac_cv_env_CXX_set=
ac_cv_env_CXX_value=
ac_cv_env_JACK_CFLAGS_set=
ac_cv_env_JACK_CFLAGS_value=
ac_cv_env_JACK_LIBS_set=
ac_cv_env_JACK_LIBS_value=
ac_cv_env_LDFLAGS_set=
ac_cv_env_LDFLAGS_value=
ac_cv_env_LIBS_set=
ac_cv_env_LIBS_value=
ac_cv_env_PKG_CONFIG_LIBDIR_set=
ac_cv_env_PKG_CONFIG_LIBDIR_value=
ac_cv_env_PKG_CONFIG_PATH_set=
ac_cv_env_PKG_CONFIG_PATH_value=
ac_cv_env_PKG_CONFIG_set=
ac_cv_env_PKG_CONFIG_value=
ac_cv_env_build_alias_set=
ac_cv_env_build_alias_value=
ac_cv_env_host_alias_set=
ac_cv_env_host_alias_value=
ac_cv_env_target_alias_set=
ac_cv_env_target_alias_value=
ac_cv_func_clock_gettime=yes
ac_cv_func_nanosleep=yes
ac_cv_header_dlfcn_h=yes
ac_cv_header_inttypes_h=yes
ac_cv_header_linux_soundcard_h=yes
ac_cv_header_machine_soundcard_h=no
ac_cv_header_memory_h=yes
ac_cv_header_stdc=yes
ac_cv_header_stdint_h=yes
ac_cv_header_stdlib_h=yes
ac_cv_header_string_h=yes
ac_cv_header_strings_h=yes
ac_cv_header_sys_soundcard_h=yes
ac_cv_header_sys_stat_h=yes
ac_cv_header_sys_types_h=yes
ac_cv_header_unistd_h=yes
ac_cv_host=x86_64-unknown-linux-gnu
ac_cv_lib_asound_snd_pcm_open=no
ac_cv_lib_hpi_HPI_SubSysCreate=no
ac_cv_lib_ossaudio__oss_ioctl=no
ac_cv_lib_pthread_pthread_create=yes
ac_cv_lib_rt_clock_gettime=yes
ac_cv_objext=o
ac_cv_path_AR=/usr/bin/ar
ac_cv_path_EGREP='/usr/bin/grep -E'
ac_cv_path_FGREP='/usr/bin/grep -F'
ac_cv_path_GREP=/usr/bin/grep
ac_cv_path_SED=/usr/bin/sed
ac_cv_path_ac_pt_PKG_CONFIG=/usr/bin/pkg-config
ac_cv_path_install='/usr/bin/install -c'
ac_cv_prog_AWK=gawk
ac_cv_prog_CPP='gcc -E'
ac_cv_prog_ac_ct_AR=ar
ac_cv_prog_ac_ct_CC=gcc
ac_cv_prog_ac_ct_DLLTOOL=dlltool
ac_cv_prog_ac_ct_OBJDUMP=objdump
ac_cv_prog_ac_ct_RANLIB=ranlib
ac_cv_prog_ac_ct_STRIP=strip
ac_cv_prog_cc_c89=
ac_cv_prog_cc_g=yes
ac_cv_sizeof_int=4
ac_cv_sizeof_long=8
ac_cv_sizeof_short=2
ac_cv_target=x86_64-unknown-linux-gnu
lt_cv_ar_at_file=@
lt_cv_archive_cmds_need_lc=no
lt_cv_deplibs_check_method=pass_all
lt_cv_file_magic_cmd='$MAGIC_CMD'
lt_cv_file_magic_test_file=
lt_cv_ld_reload_flag=-r
lt_cv_nm_interface='BSD nm'
lt_cv_objdir=.libs
lt_cv_path_LD=/usr/bin/ld
lt_cv_path_NM='/usr/bin/nm -B'
lt_cv_path_mainfest_tool=no
lt_cv_prog_compiler_c_o=yes
lt_cv_prog_compiler_pic='-fPIC -DPIC'
lt_cv_prog_compiler_pic_works=yes
lt_cv_prog_compiler_rtti_exceptions=no
lt_cv_prog_compiler_static_works=no
lt_cv_prog_gnu_ld=yes
lt_cv_sharedlib_from_linklib_cmd='printf %s\n'
lt_cv_shlibpath_overrides_runpath=yes
lt_cv_sys_global_symbol_pipe='sed -n -e '\''s/^.*[	 ]\([ABCDGIRSTW][ABCDGIRSTW]*\)[	 ][	 ]*\([_A-Za-z][_A-Za-z0-9]*\)$/\1 \2 \2/p'\'' | sed '\''/ __gnu_lto/d'\'''
lt_cv_sys_global_symbol_to_c_name_address='sed -n -e '\''s/^: \([^ ]*\)[ ]*$/  {\"\1\", (void *) 0},/p'\'' -e '\''s/^[ABCDGIRSTW]* \([^ ]*\) \([^ ]*\)$/  {"\2", (void *) \&\2},/p'\'''
lt_cv_sys_global_symbol_to_c_name_address_lib_prefix='sed -n -e '\''s/^: \([^ ]*\)[ ]*$/  {\"\1\", (void *) 0},/p'\'' -e '\''s/^[ABCDGIRSTW]* \([^ ]*\) \(lib[^ ]*\)$/  {"\2", (void *) \&\2},/p'\'' -e '\''s/^[ABCDGIRSTW]* \([^ ]*\) \([^ ]*\)$/  {"lib\2", (void *) \&\2},/p'\'''
lt_cv_sys_global_symbol_to_cdecl='sed -n -e '\''s/^T .* \(.*\)$/extern int \1();/p'\'' -e '\''s/^[ABCDGIRSTW]* .* \(.*\)$/extern char \1;/p'\'''
lt_cv_sys_max_cmd_len=1572864
lt_cv_to_host_file_cmd=func_convert_file_noop
lt_cv_to_tool_file_cmd=func_convert_file_noop

## ----------------- ##
## Output variables. ##
## ----------------- ##

AR='/usr/bin/ar'
AS='as'
AWK='gawk'
CC='gcc'
CFLAGS='-g -O2 -DPA_LITTLE_ENDIAN -I$(top_srcdir)/include -I$(top_srcdir)/src/common -I$(top_srcdir)/src/os/unix -pthread'
CPP='gcc -E'
CPPFLAGS=''
CXX=''
CXXCPP=''
CXXFLAGS=''
DEFS='-DPACKAGE_NAME=\"\" -DPACKAGE_TARNAME=\"\" -DPACKAGE_VERSION=\"\" -DPACKAGE_STRING=\"\" -DPACKAGE_BUGREPORT=\"\" -DPACKAGE_URL=\"\" -DSTDC_HEADERS=1 -DHAVE_SYS_TYPES_H=1 -DHAVE_SYS_STAT_H=1 -DHAVE_STDLIB_H=1 -DHAVE_STRING_H=1 -DHAVE_MEMORY_H=1 -DHAVE_STRINGS_H=1 -DHAVE_INTTYPES_H=1 -DHAVE_STDINT_H=1 -DHAVE_UNISTD_H=1 -DHAVE_DLFCN_H=1 -DLT_OBJDIR=\".libs/\" -DHAVE_SYS_SOUNDCARD_H=1 -DHAVE_LINUX_SOUNDCARD_H=1 -DSIZEOF_SHORT=2 -DSIZEOF_INT=4 -DSIZEOF_LONG=8 -DHAVE_CLOCK_GETTIME=1 -DHAVE_NANOSLEEP=1 -DPA_USE_OSS=1'
DLLTOOL='dlltool'
DLL_LIBS=' -lrt -lm -lpthread'
DSYMUTIL=''
DUMPBIN=''
ECHO_C=''
ECHO_N='-n'
ECHO_T=''
EGREP='/usr/bin/grep -E'
ENABLE_CXX_FALSE=''
ENABLE_CXX_TRUE='#'
EXEEXT=''
FGREP='/usr/bin/grep -F'
GREP='/usr/bin/grep'
INCLUDES='portaudio.h'
INSTALL_DATA='${INSTALL} -m 644'
INSTALL_PROGRAM='${INSTALL}'
INSTALL_SCRIPT='${INSTALL}'
JACK_CFLAGS=''
JACK_LIBS=''
LD='/usr/bin/ld -m elf_x86_64'
LDFLAGS=''
LIBOBJS=''
LIBS=' -lm -lpthread'
LIBTOOL='$(SHELL) $(top_builddir)/libtool'
LIPO=''
LN_S='ln -s'
LTLIBOBJS=''
LT_AGE='0'
LT_CURRENT='2'
LT_REVISION='0'
MANIFEST_TOOL=':'
NASM=''
NASMOPT=''
NM='/usr/bin/nm -B'
NMEDIT=''
OBJDUMP='objdump'
OBJEXT='o'
OTHER_OBJS=' src/hostapi/oss/pa_unix_oss.o src/os/unix/pa_unix_hostapis.o src/os/unix/pa_unix_util.o'
OTOOL64=''
OTOOL=''
PACKAGE_BUGREPORT=''
PACKAGE_NAME=''
PACKAGE_STRING=''
PACKAGE_TARNAME=''
PACKAGE_URL=''
PACKAGE_VERSION=''
PADLL='libportaudio.so'
PATH_SEPARATOR=':'
PKG_CONFIG='/usr/bin/pkg-config'
PKG_CONFIG_LIBDIR=''
PKG_CONFIG_PATH=''
RANLIB='ranlib'
SED='/usr/bin/sed'
SHARED_FLAGS='-fPIC'
SHELL='/bin/sh'
STRIP='strip'
THREAD_CFLAGS='-pthread'
WITH_ASIO_FALSE=''
WITH_ASIO_TRUE='@ #'
ac_ct_AR='ar'
ac_ct_CC='gcc'
ac_ct_CXX=''
ac_ct_DUMPBIN=''
bindir='${exec_prefix}/bin'
build='x86_64-unknown-linux-gnu'
build_alias=''
build_cpu='x86_64'
build_os='linux-gnu'
build_vendor='unknown'
datadir='${datarootdir}'
datarootdir='${prefix}/share'
docdir='${datarootdir}/doc/${PACKAGE}'
dvidir='${docdir}'
exec_prefix='${prefix}'
host='x86_64-unknown-linux-gnu'
host_alias=''
host_cpu='x86_64'
host_os='linux-gnu'
host_vendor='unknown'
htmldir='${docdir}'
includedir='${prefix}/include'
infodir='${datarootdir}/info'
libdir='${exec_prefix}/lib'
libexecdir='${exec_prefix}/libexec'
localedir='${datarootdir}/locale'
localstatedir='${prefix}/var'
mandir='${datarootdir}/man'
oldincludedir='/usr/include'
pdfdir='${docdir}'
prefix='/usr/local'
program_transform_name='s,x,x,'
psdir='${docdir}'
sbindir='${exec_prefix}/sbin'
sharedstatedir='${prefix}/com'
subdirs=''
sysconfdir='${prefix}/etc'
target='x86_64-unknown-linux-gnu'
target_alias=''
target_cpu='x86_64'
target_os='linux-gnu'
target_vendor='unknown'

## ----------- ##
## confdefs.h. ##
## ----------- ##

/* confdefs.h */
#define PACKAGE_NAME ""
#define PACKAGE_TARNAME ""
#define PACKAGE_VERSION ""
#define PACKAGE_STRING ""
#define PACKAGE_BUGREPORT ""
#define PACKAGE_URL ""
#define STDC_HEADERS 1
#define HAVE_SYS_TYPES_H 1
#define HAVE_SYS_STAT_H 1
#define HAVE_STDLIB_H 1
#define HAVE_STRING_H 1
#define HAVE_MEMORY_H 1
#define HAVE_STRINGS_H 1
#define HAVE_INTTYPES_H 1
#define HAVE_STDINT_H 1
#define HAVE_UNISTD_H 1
#define HAVE_DLFCN_H 1
#define LT_OBJDIR ".libs/"
#define HAVE_SYS_SOUNDCARD_H 1
#define HAVE_LINUX_SOUNDCARD_H 1
#define SIZEOF_SHORT 2
#define SIZEOF_INT 4
#define SIZEOF_LONG 8
#define HAVE_CLOCK_GETTIME 1
#define HAVE_NANOSLEEP 1
#define PA_USE_OSS 1

configure: exit 0
